Build started 27.06.2014 00:21:45.
     1>Project "C:\Users\OsmanSelçuk\Documents\GitHub\boomerang\win32make\ElfBinaryFile\ElfBinaryFile.vcxproj" on node 2 (Build target(s)).
     1>ClCompile:
         C:\Program Files (x86)\Microsoft Visual Studio 11.0\VC\bin\CL.exe /c /I..\..\include /I..\..\win32make\include /ZI /nologo /W3 /WX- /Od /Oy- /D "WIN32" /D _DEBUG /D "_WINDOWS" /D _USRDLL /D "ELFBINARYFILE_EXPORTS" /D "_WINDLL" /D _MBCS /Gm /EHsc /RTC1 /MTd /GS /fp:precise /Zc:wchar_t /Zc:forScope /Fo"Debug\\" /Fd"Debug\vc110.pdb" /Gd /TP /analyze- /errorReport:prompt ..\..\loader\ElfBinaryFile.cpp ..\..\loader\SymTab.cpp
         SymTab.cpp
         ElfBinaryFile.cpp
     1>c:\users\osmanselçuk\documents\github\boomerang\loader\elfbinaryfile.cpp(109): warning C4996: 'fopen': This function or variable may be unsafe. Consider using fopen_s instead. To disable deprecation, use _CRT_SECURE_NO_WARNINGS. See online help for details.
                 c:\program files (x86)\microsoft visual studio 11.0\vc\include\stdio.h(218) : see declaration of 'fopen'
     1>c:\users\osmanselçuk\documents\github\boomerang\loader\elfbinaryfile.cpp(1263): warning C4996: 'strdup': The POSIX name for this item is deprecated. Instead, use the ISO C++ conformant name: _strdup. See online help for details.
                 c:\program files (x86)\microsoft visual studio 11.0\vc\include\string.h(241) : see declaration of 'strdup'
         Generating Code...
       Link:
         C:\Program Files (x86)\Microsoft Visual Studio 11.0\VC\bin\link.exe /ERRORREPORT:PROMPT /OUT:"..\..\Debug\ElfBinaryFile.dll" /INCREMENTAL /NOLOGO kernel32.lib user32.lib gdi32.lib winspool.lib comdlg32.lib advapi32.lib shell32.lib ole32.lib oleaut32.lib uuid.lib odbc32.lib odbccp32.lib /DEF:"../../Debug/BinaryFile.lib" /MANIFEST /MANIFESTUAC:"level='asInvoker' uiAccess='false'" /manifest:embed /DEBUG /PDB:"..\..\Debug\ElfBinaryFile.pdb" /SUBSYSTEM:WINDOWS /TLBID:1 /DYNAMICBASE /NXCOMPAT /IMPLIB:"..\..\Debug\ElfBinaryFile.lib" /MACHINE:X86 /SAFESEH /DLL Debug\ElfBinaryFile.obj
         Debug\SymTab.obj
         "C:\Users\OsmanSelçuk\Documents\GitHub\boomerang\Debug\BinaryFile.lib"
     1>ElfBinaryFile.obj : warning LNK4075: ignoring '/EDITANDCONTINUE' due to '/SAFESEH' specification
     1>../../Debug/BinaryFile.lib(1): warning LNK4017: !<arch> statement not supported for the target platform; ignored
     1>../../Debug/BinaryFile.lib(2): warning LNK4017: / statement not supported for the target platform; ignored
     1>../../Debug/BinaryFile.lib(3): warning LNK4017: / statement not supported for the target platform; ignored
     1>../../Debug/BinaryFile.lib(3): warning LNK4017: 4 statement not supported for the target platform; ignored
            Creating library ..\..\Debug\ElfBinaryFile.lib and object ..\..\Debug\ElfBinaryFile.exp
         ElfBinaryFile.vcxproj -> C:\Users\OsmanSelçuk\Documents\GitHub\boomerang\win32make\ElfBinaryFile\..\..\Debug\ElfBinaryFile.dll
       PostBuildEvent:
         copy C:\Users\OsmanSelçuk\Documents\GitHub\boomerang\win32make\ElfBinaryFile\..\..\Debug\ElfBinaryFile.dll C:\Users\OsmanSelçuk\Documents\GitHub\boomerang\
         :VCEnd
                 1 file(s) copied.
     1>Done Building Project "C:\Users\OsmanSelçuk\Documents\GitHub\boomerang\win32make\ElfBinaryFile\ElfBinaryFile.vcxproj" (Build target(s)).

Build succeeded.

Time Elapsed 00:00:03.34
